<?xml version="1.0" encoding="UTF-8"?>
<!-- Generated by org.testng.reporters.JUnitXMLReporter -->
<testsuite ignored="0" hostname="LTIN509704" failures="0" tests="3" name="chrometest" time="194.554" errors="0" timestamp="2024-04-16T15:41:40 IST">
  <testcase classname="io.cucumber.testng.AbstractTestNGCucumberTests" name="@AfterClass tearDownClass" time="21.534">
    <failure type="java.lang.RuntimeException" message="java.net.ConnectException: Connection timed out: connect">
      <![CDATA[java.lang.RuntimeException: java.net.ConnectException: Connection timed out: connect
at io.cucumber.core.plugin.MessageFormatter.writeMessage(MessageFormatter.java:32)
at io.cucumber.core.eventbus.AbstractEventPublisher.send(AbstractEventPublisher.java:51)
at io.cucumber.core.eventbus.AbstractEventBus.send(AbstractEventBus.java:12)
at io.cucumber.core.runtime.SynchronizedEventBus.send(SynchronizedEventBus.java:47)
at io.cucumber.core.runtime.CucumberExecutionContext.emitTestRunFinished(CucumberExecutionContext.java:124)
at io.cucumber.core.runtime.CucumberExecutionContext.finishTestRun(CucumberExecutionContext.java:104)
at io.cucumber.testng.TestNGCucumberRunner.finish(TestNGCucumberRunner.java:145)
at io.cucumber.testng.AbstractTestNGCucumberTests.tearDownClass(AbstractTestNGCucumberTests.java:57)
at java.base/java.util.ArrayList.forEach(ArrayList.java:1511)
Caused by: java.net.ConnectException: Connection timed out: connect
at java.base/sun.net.www.protocol.http.HttpURLConnection$10.run(HttpURLConnection.java:2057)
at java.base/sun.net.www.protocol.http.HttpURLConnection$10.run(HttpURLConnection.java:2052)
at java.base/java.security.AccessController.doPrivileged(AccessController.java:569)
at java.base/sun.net.www.protocol.http.HttpURLConnection.getChainedException(HttpURLConnection.java:2051)
at java.base/sun.net.www.protocol.http.HttpURLConnection.getInputStream0(HttpURLConnection.java:1609)
at java.base/sun.net.www.protocol.http.HttpURLConnection.getInputStream(HttpURLConnection.java:1589)
at java.base/java.net.HttpURLConnection.getResponseCode(HttpURLConnection.java:529)
at java.base/sun.net.www.protocol.https.HttpsURLConnectionImpl.getResponseCode(HttpsURLConnectionImpl.java:308)
at io.cucumber.core.plugin.UrlOutputStream.getResponseBody(UrlOutputStream.java:125)
at io.cucumber.core.plugin.UrlOutputStream.sendRequest(UrlOutputStream.java:87)
at io.cucumber.core.plugin.UrlOutputStream.close(UrlOutputStream.java:65)
at java.base/sun.nio.cs.StreamEncoder.implClose(StreamEncoder.java:347)
at java.base/sun.nio.cs.StreamEncoder.close(StreamEncoder.java:169)
at java.base/java.io.OutputStreamWriter.close(OutputStreamWriter.java:252)
at io.cucumber.core.plugin.MessageFormatter.writeMessage(MessageFormatter.java:29)
... 34 more
Caused by: java.net.ConnectException: Connection timed out: connect
at java.base/sun.nio.ch.Net.connect0(Native Method)
at java.base/sun.nio.ch.Net.connect(Net.java:579)
at java.base/sun.nio.ch.Net.connect(Net.java:568)
at java.base/sun.nio.ch.NioSocketImpl.connect(NioSocketImpl.java:593)
at java.base/java.net.SocksSocketImpl.connect(SocksSocketImpl.java:327)
at java.base/java.net.Socket.connect(Socket.java:633)
at java.base/sun.security.ssl.SSLSocketImpl.connect(SSLSocketImpl.java:304)
at java.base/sun.security.ssl.BaseSSLSocketImpl.connect(BaseSSLSocketImpl.java:174)
at java.base/sun.net.NetworkClient.doConnect(NetworkClient.java:183)
at java.base/sun.net.www.http.HttpClient.openServer(HttpClient.java:533)
at java.base/sun.net.www.http.HttpClient.openServer(HttpClient.java:638)
at java.base/sun.net.www.protocol.https.HttpsClient.<init>(HttpsClient.java:266)
at java.base/sun.net.www.protocol.https.HttpsClient.New(HttpsClient.java:380)
at java.base/sun.net.www.protocol.https.AbstractDelegateHttpsURLConnection.getNewHttpClient(AbstractDelegateHttpsURLConnection.java:193)
at java.base/sun.net.www.protocol.http.HttpURLConnection.plainConnect0(HttpURLConnection.java:1287)
at java.base/sun.net.www.protocol.http.HttpURLConnection.plainConnect(HttpURLConnection.java:1128)
at java.base/sun.net.www.protocol.https.AbstractDelegateHttpsURLConnection.connect(AbstractDelegateHttpsURLConnection.java:179)
at java.base/sun.net.www.protocol.http.HttpURLConnection.getInputStream0(HttpURLConnection.java:1665)
at java.base/sun.net.www.protocol.http.HttpURLConnection.getInputStream(HttpURLConnection.java:1589)
at java.base/sun.net.www.protocol.http.HttpURLConnection.getHeaderFields(HttpURLConnection.java:3279)
at java.base/sun.net.www.protocol.https.HttpsURLConnectionImpl.getHeaderFields(HttpsURLConnectionImpl.java:253)
at io.cucumber.core.plugin.UrlOutputStream.getResponseBody(UrlOutputStream.java:124)
... 40 more
... Removed 31 stack frames]]>
    </failure>
  </testcase> <!-- @AfterClass tearDownClass -->
  <testcase classname="io.cucumber.testng.AbstractTestNGCucumberTests" name="runScenario" time="60.573"/>
  <testcase classname="io.cucumber.testng.AbstractTestNGCucumberTests" name="runScenario" time="73.232"/>
  <testcase classname="io.cucumber.testng.AbstractTestNGCucumberTests" name="runScenario" time="37.218"/>
</testsuite> <!-- chrometest -->
